Arguments: 
  C:\Program Files\nodejs\node.exe D:\浏览器下载\bin\yarn.js install

PATH: 
  C:\Program Files (x86)\Common Files\Oracle\Java\javapath;C:\Windows\system32;C:\Windows;C:\Windows\System32\Wbem;C:\Windows\System32\WindowsPowerShell\v1.0\;C:\Windows\System32\OpenSSH\;C:\Program Files (x86)\NVIDIA Corporation\PhysX\Common;C:\Program Files\nodejs\;D:\Git\Git\cmd\git.exe;D:\matlab23\MATLAB\runtime\win64;D:\matlab23\MATLAB\bin;D:\matlab23\MATLAB\polyspace\bin;E:\Matlab\runtime\win64;E:\Matlab\bin;E:\Matlab\polyspace\bin;D:\Mysql\mysql-5.7.26-winx64\bin;C:\WINDOWS\system32;C:\WINDOWS;C:\WINDOWS\System32\Wbem;C:\WINDOWS\System32\WindowsPowerShell\v1.0\;C:\WINDOWS\System32\OpenSSH\;D:\浏览器下载\bin\;D:\JAVA\jdk1.8.0_191\bin;D:\Python\Scripts\;D:\Python\;C:\Users\Carl\AppData\Local\Microsoft\WindowsApps;C:\Users\Carl\AppData\Roaming\npm;D:\IDEA\IntelliJ IDEA 2018.3.2\bin;D:\IDEA\gradle-4.10.3\bin;D:\IDEA\apache-maven-3.6.0\bin;E:\work\apache-tomcat-7.0.92\bin;D:\Git\Git\bin;D:\VSCode\Microsoft VS Code\bin;C:\Users\Carl\AppData\Local\Microsoft\WindowsApps;D:\Mysql\mysql-5.7.26-winx64\bin\;E:\work\erl10.4\bin;C:\Users\Carl\AppData\Local\Yarn\bin

Yarn version: 
  1.16.0

Node version: 
  10.13.0

Platform: 
  win32 x64

Trace: 
  Error: ENOENT: no such file or directory, copyfile 'C:\Users\Carl\AppData\Local\Yarn\Cache\v4\npm-ansi-styles-2.2.1-b432dd3358b634cf75e1e4664368240533c1ddbe\node_modules\ansi-styles\license' -> 'F:\Formylover\WechatProgram0\client\node_modules\babel-code-frame\node_modules\ansi-styles\license'

npm manifest: 
  {
    "name": "WechatProgram0",
    "version": "1.0.0",
    "private": true,
    "description": "WechatProgram",
    "templateInfo": {
      "name": "wxcloud",
      "typescript": false,
      "css": "less"
    },
    "scripts": {
      "build:weapp": "taro build --type weapp",
      "build:swan": "taro build --type swan",
      "build:alipay": "taro build --type alipay",
      "build:tt": "taro build --type tt",
      "build:h5": "taro build --type h5",
      "build:rn": "taro build --type rn",
      "dev:weapp": "npm run build:weapp -- --watch",
      "dev:swan": "npm run build:swan -- --watch",
      "dev:alipay": "npm run build:alipay -- --watch",
      "dev:tt": "npm run build:tt -- --watch",
      "dev:h5": "npm run build:h5 -- --watch",
      "dev:rn": "npm run build:rn -- --watch"
    },
    "author": "",
    "license": "MIT",
    "dependencies": {
      "@tarojs/components": "1.3.6",
      "@tarojs/router": "1.3.6",
      "@tarojs/taro": "1.3.6",
      "@tarojs/taro-alipay": "1.3.6",
      "@tarojs/taro-h5": "1.3.6",
      "@tarojs/taro-swan": "1.3.6",
      "@tarojs/taro-tt": "1.3.6",
      "@tarojs/taro-weapp": "^1.3.6",
      "nerv-devtools": "^1.4.0",
      "nervjs": "^1.4.0"
    },
    "devDependencies": {
      "@tarojs/plugin-babel": "^1.3.6",
      "@tarojs/plugin-csso": "1.3.6",
      "@tarojs/plugin-less": "1.3.6",
      "@tarojs/plugin-uglifyjs": "^1.3.6",
      "@tarojs/webpack-runner": "1.3.6",
      "@types/react": "^16.4.6",
      "@types/webpack-env": "^1.13.6",
      "babel-eslint": "^8.2.3",
      "babel-plugin-transform-class-properties": "^6.24.1",
      "babel-plugin-transform-decorators-legacy": "^1.3.4",
      "babel-plugin-transform-jsx-stylesheet": "^0.6.5",
      "babel-plugin-transform-object-rest-spread": "^6.26.0",
      "babel-preset-env": "^1.6.1",
      "eslint": "^4.19.1",
      "eslint-config-taro": "1.3.6",
      "eslint-plugin-import": "^2.12.0",
      "eslint-plugin-react": "^7.8.2",
      "eslint-plugin-taro": "1.3.6"
    }
  }

yarn manifest: 
  No manifest

Lockfile: 
  No lockfile
